<?xml version="1.0" encoding="UTF-8"?>
<Site BuildName="(empty)"
	BuildStamp="20251008-2041-Experimental"
	Name="matthew-matthew-yoga-9-14iap7"
	Generator="ctest-3.22.1"
	CompilerName="/usr/bin/c++"
	CompilerVersion="11.4.0"
	OSName="Linux"
	Hostname="matthew-matthew-yoga-9-14iap7"
	OSRelease="6.8.0-85-generic"
	OSVersion="#85~22.04.1-Ubuntu SMP PREEMPT_DYNAMIC Fri Sep 19 16:18:59 UTC 2"
	OSPlatform="x86_64"
	Is64Bits="1"
	VendorString="GenuineIntel"
	VendorID="Intel Corporation"
	FamilyID="6"
	ModelID="154"
	ProcessorCacheSize="18432"
	NumberOfLogicalCPU="16"
	NumberOfPhysicalCPU="12"
	TotalVirtualMemory="2047"
	TotalPhysicalMemory="15714"
	LogicalProcessorsPerPhysical="1"
	ProcessorClockFrequency="3700"
	>
	<Testing>
		<StartDateTime>Oct 09 07:41 AEDT</StartDateTime>
		<StartTestTime>1759956090</StartTestTime>
		<TestList/>
		<EndDateTime>Oct 09 07:41 AEDT</EndDateTime>
		<EndTestTime>1759956090</EndTestTime>
		<ElapsedMinutes>0</ElapsedMinutes>
	</Testing>
</Site>
